<?xml version="1.0" encoding="UTF-8"?>
<!-- Generated by org.testng.reporters.JUnitXMLReporter -->
<testsuite ignored="0" hostname="DESKTOP-PUV8EPM" failures="0" tests="2" name="Default test" time="0.105" errors="0" timestamp="02 Feb 2022 12:26:47 GMT">
  <testcase classname="test.TestNGClass" name="@BeforeTest launchBrowser" time="0.0">
    <failure type="org.testng.TestNGException" message="
Parameter &amp;apos;browser&amp;apos; is required by BeforeTest on method launchBrowser but has not been marked @Optional or defined
in C:\Users\HP-LAPTOP\AppData\Local\Temp\testng-eclipse--2074176348\testng-customsuite.xml">
      <![CDATA[org.testng.TestNGException: 
Parameter 'browser' is required by BeforeTest on method launchBrowser but has not been marked @Optional or defined
in C:\Users\HP-LAPTOP\AppData\Local\Temp\testng-eclipse--2074176348\testng-customsuite.xml
at org.testng.internal.Parameters.createParams(Parameters.java:290)
at org.testng.internal.Parameters.createParametersForMethod(Parameters.java:359)
at org.testng.internal.Parameters.createParameters(Parameters.java:620)
at org.testng.internal.Parameters.createConfigurationParameters(Parameters.java:190)
at org.testng.internal.Invoker.invokeConfigurations(Invoker.java:209)
at org.testng.internal.Invoker.invokeConfigurations(Invoker.java:142)
at org.testng.TestRunner.beforeRun(TestRunner.java:529)
at org.testng.TestRunner.run(TestRunner.java:497)
at org.testng.SuiteRunner.runTest(SuiteRunner.java:455)
at org.testng.SuiteRunner.runSequentially(SuiteRunner.java:450)
at org.testng.SuiteRunner.privateRun(SuiteRunner.java:415)
at org.testng.SuiteRunner.run(SuiteRunner.java:364)
at org.testng.SuiteRunnerWorker.runSuite(SuiteRunnerWorker.java:52)
at org.testng.SuiteRunnerWorker.run(SuiteRunnerWorker.java:84)
at org.testng.TestNG.runSuitesSequentially(TestNG.java:1208)
at org.testng.TestNG.runSuitesLocally(TestNG.java:1137)
at org.testng.TestNG.runSuites(TestNG.java:1049)
at org.testng.TestNG.run(TestNG.java:1017)
at org.testng.remote.AbstractRemoteTestNG.run(AbstractRemoteTestNG.java:115)
at org.testng.remote.RemoteTestNG.initAndRun(RemoteTestNG.java:251)
at org.testng.remote.RemoteTestNG.main(RemoteTestNG.java:77)
]]>
    </failure>
  </testcase> <!-- @BeforeTest launchBrowser -->
  <testcase classname="test.TestNGClass" name="@BeforeClass initializePomClasses" time="0.0">
    <skipped/>
  </testcase> <!-- @BeforeClass initializePomClasses -->
  <testcase classname="test.TestNGClass" name="@BeforeMethod loginFlipkart" time="0.0">
    <skipped/>
  </testcase> <!-- @BeforeMethod loginFlipkart -->
  <testcase classname="test.TestNGClass" name="@AfterMethod clickonlogoutbutton" time="0.0">
    <skipped/>
  </testcase> <!-- @AfterMethod clickonlogoutbutton -->
  <testcase classname="test.TestNGClass" name="@BeforeMethod loginFlipkart" time="0.0">
    <skipped/>
  </testcase> <!-- @BeforeMethod loginFlipkart -->
  <testcase classname="test.TestNGClass" name="@AfterMethod clickonlogoutbutton" time="0.0">
    <skipped/>
  </testcase> <!-- @AfterMethod clickonlogoutbutton -->
  <testcase classname="test.TestNGClass" name="@AfterClass ClearObjects" time="0.0">
    <skipped/>
  </testcase> <!-- @AfterClass ClearObjects -->
  <testcase classname="test.TestNGClass" name="@AfterTest closeBrowser" time="0.0">
    <skipped/>
  </testcase> <!-- @AfterTest closeBrowser -->
  <testcase classname="test.TestNGClass" name="clickonelectronics" time="0.0">
    <skipped/>
  </testcase> <!-- clickonelectronics -->
  <testcase classname="test.TestNGClass" name="clickontravel" time="0.0">
    <skipped/>
  </testcase> <!-- clickontravel -->
</testsuite> <!-- Default test -->
